mode: atomic
github.com/microsoft/abstrakt/services/sampleservice/sampleservice.go:11.26,13.2 1 1
github.com/microsoft/abstrakt/services/sampleservice/sampleservice.go:16.33,19.2 1 1
github.com/microsoft/abstrakt/commands/compose.go:20.47,26.3 5 1
github.com/microsoft/abstrakt/commands/compose.go:29.13,37.2 7 1
github.com/microsoft/abstrakt/commands/version.go:12.47,14.3 1 0
github.com/microsoft/abstrakt/commands/version.go:18.21,20.2 1 1
github.com/microsoft/abstrakt/commands/commands.go:9.42,17.76 2 0
github.com/microsoft/abstrakt/commands/commands.go:29.2,33.10 2 0
github.com/microsoft/abstrakt/commands/commands.go:17.76,20.24 2 0
github.com/microsoft/abstrakt/commands/commands.go:26.3,26.13 1 0
github.com/microsoft/abstrakt/commands/commands.go:20.24,22.4 1 0
github.com/microsoft/abstrakt/commands/commands.go:22.9,24.4 1 0
