mode: atomic
github.com/microsoft/abstrakt/commands/commands.go:9.42,17.76 2 0
github.com/microsoft/abstrakt/commands/commands.go:29.2,33.10 2 0
github.com/microsoft/abstrakt/commands/commands.go:17.76,20.24 2 0
github.com/microsoft/abstrakt/commands/commands.go:26.3,26.13 1 0
github.com/microsoft/abstrakt/commands/commands.go:20.24,22.4 1 0
github.com/microsoft/abstrakt/commands/commands.go:22.9,24.4 1 0
github.com/microsoft/abstrakt/commands/compose.go:20.47,26.3 5 1
github.com/microsoft/abstrakt/commands/compose.go:29.13,37.2 7 1
github.com/microsoft/abstrakt/commands/version.go:12.47,14.3 1 0
github.com/microsoft/abstrakt/commands/version.go:18.21,20.2 1 1
github.com/microsoft/abstrakt/commands/visualise.go:52.47,53.24 1 0
github.com/microsoft/abstrakt/commands/visualise.go:58.3,58.41 1 0
github.com/microsoft/abstrakt/commands/visualise.go:62.3,65.24 3 0
github.com/microsoft/abstrakt/commands/visualise.go:53.24,56.4 2 0
github.com/microsoft/abstrakt/commands/visualise.go:58.41,61.4 2 0
github.com/microsoft/abstrakt/commands/visualise.go:70.13,73.16 3 1
github.com/microsoft/abstrakt/commands/visualise.go:77.2,77.106 1 1
github.com/microsoft/abstrakt/commands/visualise.go:73.16,74.13 1 0
github.com/microsoft/abstrakt/commands/visualise.go:81.39,83.24 2 3
github.com/microsoft/abstrakt/commands/visualise.go:86.2,86.22 1 1
github.com/microsoft/abstrakt/commands/visualise.go:83.24,85.3 1 2
github.com/microsoft/abstrakt/commands/visualise.go:91.43,95.16 3 1
github.com/microsoft/abstrakt/commands/visualise.go:99.2,99.15 1 1
github.com/microsoft/abstrakt/commands/visualise.go:95.16,97.3 1 0
github.com/microsoft/abstrakt/commands/visualise.go:103.39,105.16 2 0
github.com/microsoft/abstrakt/commands/visualise.go:108.2,108.25 1 0
github.com/microsoft/abstrakt/commands/visualise.go:105.16,106.13 1 0
github.com/microsoft/abstrakt/commands/visualise.go:114.39,121.82 3 0
github.com/microsoft/abstrakt/commands/visualise.go:126.2,126.39 1 0
github.com/microsoft/abstrakt/commands/visualise.go:133.2,133.40 1 0
github.com/microsoft/abstrakt/commands/visualise.go:147.2,147.45 1 0
github.com/microsoft/abstrakt/commands/visualise.go:160.2,160.30 1 0
github.com/microsoft/abstrakt/commands/visualise.go:121.82,123.13 2 0
github.com/microsoft/abstrakt/commands/visualise.go:126.39,128.13 2 0
github.com/microsoft/abstrakt/commands/visualise.go:133.40,134.24 1 0
github.com/microsoft/abstrakt/commands/visualise.go:137.3,140.17 4 0
github.com/microsoft/abstrakt/commands/visualise.go:134.24,136.4 1 0
github.com/microsoft/abstrakt/commands/visualise.go:140.17,141.14 1 0
github.com/microsoft/abstrakt/commands/visualise.go:147.45,148.24 1 0
github.com/microsoft/abstrakt/commands/visualise.go:151.3,154.17 4 0
github.com/microsoft/abstrakt/commands/visualise.go:148.24,150.4 1 0
github.com/microsoft/abstrakt/commands/visualise.go:154.17,155.14 1 0
